29/04/2025 Better relabelling of exits for maps 1-4 of The Garden of Ru'hmet to make more sense.  Removed particle gate info as this wasn't needed.
           Added maps 1-3 for Grand Palace of Hu'Xzoi.
           Minor change to shading of hidden area on map 3 to make it more visable.
28/04/2025 Added map 4 for The Garden of Ru'hmet.
           Some minor tweaks to maps 1-3 and a fix to map 3 where a portal was incorrectly labelled.
25/04/2025 Updated map 7 of Ifrit's Cauldron to include Survival Tome location.
           Updated Cape Terrigan map to include homepoint location.
23/04/2025 Added map 3 for The Garden of Ru'hmet.
22/04/2025 Added map 2 for The Garden of Ru'hmet.
21/04/2025 Added map 1 for The Garden of Ru'hmet.
11/10/2024 Added map 9 of Ifrit's Cauldron.
09/10/2024 Added maps 3-8 of Ifrit's Cauldron.
08/10/2024 Added maps 1 and 2 of Ifrit's Cauldron.
07/10/2024 Did a redesign of the Ro'maeve map to fix some issues with the linework breaking up.
06/10/2025 Added a fix of map 2 for Palborough Mines and of Yhoator Jungle to include pathways that were missing.
           Also a big fix to the Yuhtunga Jungle map that was incorrectly drawn near the entrance for Ifrit's Cauldron and missing the Cermet Headstone location.
04/10/2024 Added Cape Terrigan Map.
03/10/2024 Made some tweaks to the Western Altepa Desert map.
04/05/2024 Added Western Altepa Desert map.
25/04/2024 Added Ro'maeve map.
